Traceback (most recent call last):
  File "/usr/share/miniconda3/envs/lecture-python/lib/python3.8/site-packages/jupyter_cache/executors/utils.py", line 51, in single_nb_execution
    executenb(
  File "/usr/share/miniconda3/envs/lecture-python/lib/python3.8/site-packages/nbclient/client.py", line 1087, in execute
    return NotebookClient(nb=nb, resources=resources, km=km, **kwargs).execute()
  File "/usr/share/miniconda3/envs/lecture-python/lib/python3.8/site-packages/nbclient/util.py", line 74, in wrapped
    return just_run(coro(*args, **kwargs))
  File "/usr/share/miniconda3/envs/lecture-python/lib/python3.8/site-packages/nbclient/util.py", line 53, in just_run
    return loop.run_until_complete(coro)
  File "/usr/share/miniconda3/envs/lecture-python/lib/python3.8/asyncio/base_events.py", line 616, in run_until_complete
    return future.result()
  File "/usr/share/miniconda3/envs/lecture-python/lib/python3.8/site-packages/nbclient/client.py", line 540, in async_execute
    await self.async_execute_cell(
  File "/usr/share/miniconda3/envs/lecture-python/lib/python3.8/site-packages/nbclient/client.py", line 832, in async_execute_cell
    self._check_raise_for_error(cell, exec_reply)
  File "/usr/share/miniconda3/envs/lecture-python/lib/python3.8/site-packages/nbclient/client.py", line 740, in _check_raise_for_error
    raise CellExecutionError.from_cell_and_msg(cell, exec_reply['content'])
nbclient.exceptions.CellExecutionError: An error occurred while executing the following cell:
------------------
Λ1 = A - B2 @ F2
lq1 = qe.LQ(Q1, R1, Λ1, B1, beta=β)
P1_ih, F1_ih, d = lq1.stationary_values()
F1_ih
------------------

[0;31m---------------------------------------------------------------------------[0m
[0;31mNameError[0m                                 Traceback (most recent call last)
[0;32m<ipython-input-3-ceead0770421>[0m in [0;36m<module>[0;34m[0m
[0;32m----> 1[0;31m [0mΛ1[0m [0;34m=[0m [0mA[0m [0;34m-[0m [0mB2[0m [0;34m@[0m [0mF2[0m[0;34m[0m[0;34m[0m[0m
[0m[1;32m      2[0m [0mlq1[0m [0;34m=[0m [0mqe[0m[0;34m.[0m[0mLQ[0m[0;34m([0m[0mQ1[0m[0;34m,[0m [0mR1[0m[0;34m,[0m [0mΛ1[0m[0;34m,[0m [0mB1[0m[0;34m,[0m [0mbeta[0m[0;34m=[0m[0mβ[0m[0;34m)[0m[0;34m[0m[0;34m[0m[0m
[1;32m      3[0m [0mP1_ih[0m[0;34m,[0m [0mF1_ih[0m[0;34m,[0m [0md[0m [0;34m=[0m [0mlq1[0m[0;34m.[0m[0mstationary_values[0m[0;34m([0m[0;34m)[0m[0;34m[0m[0;34m[0m[0m
[1;32m      4[0m [0mF1_ih[0m[0;34m[0m[0;34m[0m[0m

[0;31mNameError[0m: name 'A' is not defined
NameError: name 'A' is not defined

